/*C23*/SET SCHEMA PUBLIC
CREATE TABLE IF NOT EXISTS AL_CONFIGURATION ( PROPERTY_NAME VARCHAR(255) NOT NULL UNIQUE , PROPERTY_VALUE LONGVARCHAR ) 
CREATE TABLE IF NOT EXISTS AL_GROUPS ( GROUP_NAME VARCHAR(255) NOT NULL PRIMARY KEY , DESCRIPTION LONGVARCHAR ) 
CREATE TABLE IF NOT EXISTS AL_TABLES ( TABLE_NAME VARCHAR(255) NOT NULL PRIMARY KEY , GROUP_NAME VARCHAR(255) , DESCRIPTION LONGVARCHAR ) 
CREATE TABLE IF NOT EXISTS AL_CUSTOM_TYPE ( TABLE_NAME VARCHAR(255) , COLUMN_NAME VARCHAR(255) , TYPE VARCHAR(255) , NAME VARCHAR(255) ) 
CREATE TABLE IF NOT EXISTS AL_VIEWS ( VIEW_NAME VARCHAR(255) NOT NULL UNIQUE , VIEW_DEFINITION LONGVARCHAR , IS_VALID BOOLEAN ) 
CREATE TABLE IF NOT EXISTS AL_SELECTED_LOG_OBJECTS ( NAME VARCHAR(255) NOT NULL UNIQUE , TYPE VARCHAR(255) ) 
CREATE TABLE IF NOT EXISTS AL_DB_OBJECTS ( NAME VARCHAR(255) NOT NULL UNIQUE , TYPE VARCHAR(255) , USAGE VARCHAR(255) ) 
DISCONNECT
/*C24*/SET SCHEMA PUBLIC
ALTER TABLE db_table RENAME TO db_profielen 
DELETE FROM AL_TABLES WHERE TABLE_NAME='db_table'
INSERT INTO AL_TABLES VALUES('db_profielen',NULL,'')
COMMIT
INSERT INTO DB_PROFIELEN VALUES(0,NULL)
COMMIT
DISCONNECT
/*C25*/SET SCHEMA PUBLIC
ALTER TABLE db_profielen ALTER COLUMN db_column RENAME TO db_time 
ALTER TABLE db_profielen ADD COLUMN db_column DOUBLE NULL 
DISCONNECT
/*C26*/SET SCHEMA PUBLIC
DELETE FROM DB_PROFIELEN WHERE AL_ID=0
INSERT INTO DB_PROFIELEN VALUES(0,0.0E0,NULL)
COMMIT
DISCONNECT
/*C27*/SET SCHEMA PUBLIC
INSERT INTO DB_PROFIELEN VALUES(1,4380.0E0,NULL)
COMMIT
DISCONNECT
/*C28*/SET SCHEMA PUBLIC
INSERT INTO DB_PROFIELEN VALUES(2,8760.0E0,NULL)
COMMIT
DISCONNECT
/*C29*/SET SCHEMA PUBLIC
DELETE FROM DB_PROFIELEN WHERE AL_ID=0
INSERT INTO DB_PROFIELEN VALUES(0,0.0E0,0.0E0)
COMMIT
DISCONNECT
/*C30*/SET SCHEMA PUBLIC
DELETE FROM DB_PROFIELEN WHERE AL_ID=1
INSERT INTO DB_PROFIELEN VALUES(1,4380.0E0,1.0E0)
COMMIT
DISCONNECT
/*C31*/SET SCHEMA PUBLIC
DELETE FROM DB_PROFIELEN WHERE AL_ID=2
INSERT INTO DB_PROFIELEN VALUES(2,8760.0E0,0.0E0)
COMMIT
DISCONNECT
/*C32*/SET SCHEMA PUBLIC
ALTER TABLE db_profielen ADD COLUMN db_column1 DOUBLE NULL 
DISCONNECT
/*C33*/SET SCHEMA PUBLIC
ALTER TABLE db_profielen ADD COLUMN db_column2 DOUBLE NULL 
DISCONNECT
/*C34*/SET SCHEMA PUBLIC
ALTER TABLE db_profielen ALTER COLUMN db_column RENAME TO db_normalizedwind 
ALTER TABLE db_profielen ALTER COLUMN db_column1 RENAME TO db_normalizedpv 
ALTER TABLE db_profielen ALTER COLUMN db_column2 RENAME TO db_normalizedhousehold 
DELETE FROM DB_PROFIELEN WHERE AL_ID=0
INSERT INTO DB_PROFIELEN VALUES(0,0.0E0,0.0E0,0.5E0,NULL)
COMMIT
DISCONNECT
/*C35*/SET SCHEMA PUBLIC
DELETE FROM DB_PROFIELEN WHERE AL_ID=1
INSERT INTO DB_PROFIELEN VALUES(1,4380.0E0,1.0E0,0.2E0,NULL)
COMMIT
DISCONNECT
/*C36*/SET SCHEMA PUBLIC
DELETE FROM DB_PROFIELEN WHERE AL_ID=2
INSERT INTO DB_PROFIELEN VALUES(2,8760.0E0,0.0E0,0.8E0,NULL)
COMMIT
DISCONNECT
/*C37*/SET SCHEMA PUBLIC
DELETE FROM DB_PROFIELEN WHERE AL_ID=0
INSERT INTO DB_PROFIELEN VALUES(0,0.0E0,0.0E0,0.5E0,0.1E0)
COMMIT
DISCONNECT
/*C38*/SET SCHEMA PUBLIC
DELETE FROM DB_PROFIELEN WHERE AL_ID=1
INSERT INTO DB_PROFIELEN VALUES(1,4380.0E0,1.0E0,0.2E0,0.1E0)
COMMIT
DISCONNECT
/*C39*/SET SCHEMA PUBLIC
DELETE FROM DB_PROFIELEN WHERE AL_ID=2
INSERT INTO DB_PROFIELEN VALUES(2,8760.0E0,0.0E0,0.8E0,0.1E0)
COMMIT
DISCONNECT
/*C40*/SET SCHEMA PUBLIC
DISCONNECT
/*C41*/SET SCHEMA PUBLIC
DELETE FROM CONFIG WHERE AL_ID=1352
INSERT INTO CONFIG VALUES(1352,16,'energyAsset','a1','production','Wind','b10',30000.0E0)
COMMIT
DISCONNECT
/*C42*/SET SCHEMA PUBLIC
DELETE FROM CONFIG WHERE AL_ID=1353
INSERT INTO CONFIG VALUES(1353,17,'energyAsset','a2','production','Wind','b10',6000.0E0)
COMMIT
DISCONNECT
/*C43*/SET SCHEMA PUBLIC
DELETE FROM CONFIG WHERE AL_ID=1354
INSERT INTO CONFIG VALUES(1354,18,'energyAsset','a3','production','Wind','b11',40000.0E0)
COMMIT
DISCONNECT
/*C45*/SET SCHEMA PUBLIC
DISCONNECT
/*C46*/SET SCHEMA PUBLIC
DISCONNECT
/*C44*/SET SCHEMA PUBLIC
DISCONNECT
/*C47*/SET SCHEMA PUBLIC
DISCONNECT
/*C48*/SET SCHEMA PUBLIC
INSERT INTO CONFIG VALUES(1356,20,NULL,NULL,NULL,NULL,NULL,NULL)
COMMIT
DISCONNECT
/*C50*/SET SCHEMA PUBLIC
DELETE FROM CONFIG WHERE AL_ID=1356
INSERT INTO CONFIG VALUES(1356,20,'energyAsset',NULL,NULL,NULL,NULL,NULL)
COMMIT
DISCONNECT
/*C51*/SET SCHEMA PUBLIC
DELETE FROM CONFIG WHERE AL_ID=1356
INSERT INTO CONFIG VALUES(1356,20,'energyAsset','a5',NULL,NULL,NULL,NULL)
COMMIT
DISCONNECT
/*C52*/SET SCHEMA PUBLIC
DELETE FROM CONFIG WHERE AL_ID=1356
INSERT INTO CONFIG VALUES(1356,20,'energyAsset','a5','conversion',NULL,NULL,NULL)
COMMIT
DISCONNECT
/*C53*/SET SCHEMA PUBLIC
DELETE FROM CONFIG WHERE AL_ID=1356
INSERT INTO CONFIG VALUES(1356,20,'energyAsset','a5','conversion','HeatingSystem',NULL,NULL)
COMMIT
DISCONNECT
/*C54*/SET SCHEMA PUBLIC
DELETE FROM CONFIG WHERE AL_ID=1355
INSERT INTO CONFIG VALUES(1355,19,'energyAsset','a4','consumption','BasisLast','b1',0.5E0)
COMMIT
DISCONNECT
/*C55*/SET SCHEMA PUBLIC
DELETE FROM CONFIG WHERE AL_ID=1356
INSERT INTO CONFIG VALUES(1356,20,'energyAsset','a5','conversion','HeatingSystem',NULL,10.0E0)
COMMIT
DISCONNECT
/*C56*/SET SCHEMA PUBLIC
DELETE FROM CONFIG WHERE AL_ID=1356
INSERT INTO CONFIG VALUES(1356,20,'energyAsset','a5','conversion','HeatingSystem','b1',10.0E0)
COMMIT
DISCONNECT
/*C57*/SET SCHEMA PUBLIC
INSERT INTO CONFIG VALUES(1357,NULL,'energyAsset',NULL,NULL,NULL,NULL,NULL)
COMMIT
DISCONNECT
/*C58*/SET SCHEMA PUBLIC
DELETE FROM CONFIG WHERE AL_ID=1357
INSERT INTO CONFIG VALUES(1357,NULL,'energyAsset','a6',NULL,NULL,NULL,NULL)
COMMIT
DISCONNECT
/*C59*/SET SCHEMA PUBLIC
DELETE FROM CONFIG WHERE AL_ID=1357
INSERT INTO CONFIG VALUES(1357,NULL,'energyAsset','a6','Hbuffer',NULL,NULL,NULL)
COMMIT
DISCONNECT
/*C60*/SET SCHEMA PUBLIC
DELETE FROM CONFIG WHERE AL_ID=1357
INSERT INTO CONFIG VALUES(1357,NULL,'energyAsset','a6','Hbuffer','HouseTemp',NULL,NULL)
COMMIT
DISCONNECT
/*C61*/SET SCHEMA PUBLIC
DELETE FROM CONFIG WHERE AL_ID=1357
INSERT INTO CONFIG VALUES(1357,NULL,'energyAsset','a6','Hbuffer','HouseTemp','b1',NULL)
COMMIT
DISCONNECT
/*C62*/SET SCHEMA PUBLIC
DELETE FROM CONFIG WHERE AL_ID=1357
INSERT INTO CONFIG VALUES(1357,21,'energyAsset','a6','Hbuffer','HouseTemp','b1',NULL)
COMMIT
DISCONNECT
/*C49*/SET SCHEMA PUBLIC
DISCONNECT
/*C63*/SET SCHEMA PUBLIC
DISCONNECT
/*C65*/SET SCHEMA PUBLIC
DELETE FROM CONFIG WHERE AL_ID=1357
INSERT INTO CONFIG VALUES(1357,21,'energyAsset','a6','Hbuffer','HouseTemp','b1',0.0E0)
COMMIT
DISCONNECT
/*C64*/SET SCHEMA PUBLIC
DISCONNECT
/*C66*/SET SCHEMA PUBLIC
DISCONNECT
/*C67*/SET SCHEMA PUBLIC
DISCONNECT
/*C68*/SET SCHEMA PUBLIC
DISCONNECT
/*C69*/SET SCHEMA PUBLIC
DISCONNECT
