/*C7*/SET SCHEMA PUBLIC
CREATE TABLE IF NOT EXISTS AL_CONFIGURATION ( PROPERTY_NAME VARCHAR(255) NOT NULL UNIQUE , PROPERTY_VALUE LONGVARCHAR ) 
CREATE TABLE IF NOT EXISTS AL_GROUPS ( GROUP_NAME VARCHAR(255) NOT NULL PRIMARY KEY , DESCRIPTION LONGVARCHAR ) 
CREATE TABLE IF NOT EXISTS AL_TABLES ( TABLE_NAME VARCHAR(255) NOT NULL PRIMARY KEY , GROUP_NAME VARCHAR(255) , DESCRIPTION LONGVARCHAR ) 
CREATE TABLE IF NOT EXISTS AL_CUSTOM_TYPE ( TABLE_NAME VARCHAR(255) , COLUMN_NAME VARCHAR(255) , TYPE VARCHAR(255) , NAME VARCHAR(255) ) 
CREATE TABLE IF NOT EXISTS AL_VIEWS ( VIEW_NAME VARCHAR(255) NOT NULL UNIQUE , VIEW_DEFINITION LONGVARCHAR , IS_VALID BOOLEAN ) 
CREATE TABLE IF NOT EXISTS AL_SELECTED_LOG_OBJECTS ( NAME VARCHAR(255) NOT NULL UNIQUE , TYPE VARCHAR(255) ) 
CREATE TABLE IF NOT EXISTS AL_DB_OBJECTS ( NAME VARCHAR(255) NOT NULL UNIQUE , TYPE VARCHAR(255) , USAGE VARCHAR(255) ) 
/*C8*/SET SCHEMA PUBLIC
CREATE TABLE IF NOT EXISTS AL_CONFIGURATION ( PROPERTY_NAME VARCHAR(255) NOT NULL UNIQUE , PROPERTY_VALUE LONGVARCHAR ) 
CREATE TABLE IF NOT EXISTS AL_GROUPS ( GROUP_NAME VARCHAR(255) NOT NULL PRIMARY KEY , DESCRIPTION LONGVARCHAR ) 
CREATE TABLE IF NOT EXISTS AL_TABLES ( TABLE_NAME VARCHAR(255) NOT NULL PRIMARY KEY , GROUP_NAME VARCHAR(255) , DESCRIPTION LONGVARCHAR ) 
CREATE TABLE IF NOT EXISTS AL_CUSTOM_TYPE ( TABLE_NAME VARCHAR(255) , COLUMN_NAME VARCHAR(255) , TYPE VARCHAR(255) , NAME VARCHAR(255) ) 
CREATE TABLE IF NOT EXISTS AL_VIEWS ( VIEW_NAME VARCHAR(255) NOT NULL UNIQUE , VIEW_DEFINITION LONGVARCHAR , IS_VALID BOOLEAN ) 
CREATE TABLE IF NOT EXISTS AL_SELECTED_LOG_OBJECTS ( NAME VARCHAR(255) NOT NULL UNIQUE , TYPE VARCHAR(255) ) 
CREATE TABLE IF NOT EXISTS AL_DB_OBJECTS ( NAME VARCHAR(255) NOT NULL UNIQUE , TYPE VARCHAR(255) , USAGE VARCHAR(255) ) 
/*C9*/SET SCHEMA PUBLIC
DELETE FROM DB_HOUSETYPEDATA WHERE AL_ID=390
DELETE FROM DB_HOUSETYPEDATA WHERE AL_ID=391
DELETE FROM DB_HOUSETYPEDATA WHERE AL_ID=392
DELETE FROM DB_HOUSETYPEDATA WHERE AL_ID=393
DELETE FROM DB_HOUSETYPEDATA WHERE AL_ID=394
DELETE FROM DB_HOUSETYPEDATA WHERE AL_ID=395
INSERT INTO DB_HOUSETYPEDATA VALUES(396,0,'DETACHED',153.0E0)
INSERT INTO DB_HOUSETYPEDATA VALUES(397,1,'SEMIDETACHED',123.0E0)
INSERT INTO DB_HOUSETYPEDATA VALUES(398,2,'CORNER',111.0E0)
INSERT INTO DB_HOUSETYPEDATA VALUES(399,3,'TERRACED',109.0E0)
INSERT INTO DB_HOUSETYPEDATA VALUES(400,4,'APPARTMENT',99.0E0)
INSERT INTO DB_HOUSETYPEDATA VALUES(401,5,'HIGHRISE',72.0E0)
COMMIT
DELETE FROM DB_HOUSETYPEDATA WHERE AL_ID=396
DELETE FROM DB_HOUSETYPEDATA WHERE AL_ID=397
DELETE FROM DB_HOUSETYPEDATA WHERE AL_ID=398
DELETE FROM DB_HOUSETYPEDATA WHERE AL_ID=399
DELETE FROM DB_HOUSETYPEDATA WHERE AL_ID=400
DELETE FROM DB_HOUSETYPEDATA WHERE AL_ID=401
INSERT INTO DB_HOUSETYPEDATA VALUES(402,0,'DETACHED',153.0E0)
INSERT INTO DB_HOUSETYPEDATA VALUES(403,1,'SEMIDETACHED',123.0E0)
INSERT INTO DB_HOUSETYPEDATA VALUES(404,2,'CORNER',111.0E0)
INSERT INTO DB_HOUSETYPEDATA VALUES(405,3,'TERRACED',109.0E0)
INSERT INTO DB_HOUSETYPEDATA VALUES(406,4,'APPARTMENT',99.0E0)
INSERT INTO DB_HOUSETYPEDATA VALUES(407,5,'HIGHRISE',72.0E0)
COMMIT
DELETE FROM DB_HOUSETYPEDATA WHERE AL_ID=402
DELETE FROM DB_HOUSETYPEDATA WHERE AL_ID=403
DELETE FROM DB_HOUSETYPEDATA WHERE AL_ID=404
DELETE FROM DB_HOUSETYPEDATA WHERE AL_ID=405
DELETE FROM DB_HOUSETYPEDATA WHERE AL_ID=406
DELETE FROM DB_HOUSETYPEDATA WHERE AL_ID=407
INSERT INTO DB_HOUSETYPEDATA VALUES(408,0,'DETACHED',153.0E0)
INSERT INTO DB_HOUSETYPEDATA VALUES(409,1,'SEMIDETACHED',123.0E0)
INSERT INTO DB_HOUSETYPEDATA VALUES(410,2,'CORNER',111.0E0)
INSERT INTO DB_HOUSETYPEDATA VALUES(411,3,'TERRACED',109.0E0)
INSERT INTO DB_HOUSETYPEDATA VALUES(412,4,'APPARTMENT',99.0E0)
INSERT INTO DB_HOUSETYPEDATA VALUES(413,5,'HIGHRISE',72.0E0)
COMMIT
DISCONNECT
/*C7*/DISCONNECT
/*C8*/DISCONNECT
